<?xml version="1.0" encoding="UTF-8"?>
<!-- Generated by org.testng.reporters.JUnitReportReporter -->
<testsuite hostname="RDPC42" failures="0" tests="4" name="api.test.UserTest" time="8.958" errors="0" timestamp="2023-05-09T15:16:38 IST" skipped="0">
  <testcase classname="api.test.UserTest" name="testPostUser" time="4.208"/>
  <system-out/>
  <testcase classname="api.test.UserTest" name="testGetUser" time="1.214"/>
  <system-out/>
  <testcase classname="api.test.UserTest" name="testPutUser" time="2.341"/>
  <system-out/>
  <testcase classname="api.test.UserTest" name="testDeleteUser" time="1.195"/>
  <system-out/>
</testsuite> <!-- api.test.UserTest -->
