<?xml version="1.0" encoding="UTF-8"?>
<!-- Generated by org.testng.reporters.JUnitReportReporter -->
<testsuite hostname="RDPC42" failures="0" tests="4" name="api.test.UserTest" time="9.335" errors="0" timestamp="2023-05-10T12:32:21 IST" skipped="0">
  <testcase classname="api.test.UserTest" name="testPostUser" time="4.327"/>
  <system-out/>
  <testcase classname="api.test.UserTest" name="testGetUser" time="1.272"/>
  <system-out/>
  <testcase classname="api.test.UserTest" name="testPutUser" time="2.484"/>
  <system-out/>
  <testcase classname="api.test.UserTest" name="testDeleteUser" time="1.252"/>
  <system-out/>
</testsuite> <!-- api.test.UserTest -->
